[2017-04-07 02:19:05.363] [INFO] password - create Jee-Mail lkde
[2017-04-07 02:19:05.390] [INFO] password - create Jee-Mail lkde
[2017-04-07 02:19:15.503] [INFO] password - successful Jee-Mail lkde
[2017-04-07 02:19:27.373] [INFO] password - successful Jee-Mail lkde
[2017-04-07 02:19:28.781] [INFO] password - create Fakebook lkde
[2017-04-07 02:26:42.299] [INFO] password - create Jee-Mail tr3
[2017-04-07 02:26:42.331] [INFO] password - create Jee-Mail tr3
[2017-04-07 02:26:47.337] [INFO] password - create Jee-Mail ytu
[2017-04-07 02:26:47.368] [INFO] password - create Jee-Mail ytu
[2017-04-07 02:26:59.724] [INFO] password - create Jee-Mail prl
[2017-04-07 02:26:59.746] [INFO] password - create Jee-Mail prl
[2017-04-07 02:27:04.350] [INFO] password - create Jee-Mail ey
[2017-04-07 02:27:04.371] [INFO] password - create Jee-Mail ey
[2017-04-07 02:27:17.590] [INFO] password - successful Jee-Mail ey
[2017-04-07 02:27:24.097] [INFO] password - successful Jee-Mail ey
[2017-04-07 02:27:25.207] [INFO] password - create Fakebook ey
[2017-04-07 02:33:57.147] [INFO] password - create Jee-Mail y5
[2017-04-07 02:33:57.179] [INFO] password - create Jee-Mail y5
[2017-04-07 02:34:09.663] [INFO] password - successful Jee-Mail y5
[2017-04-07 02:34:19.370] [INFO] password - successful Jee-Mail y5
[2017-04-07 02:34:20.738] [INFO] password - create Fakebook y5
[2017-04-07 02:35:24.624] [INFO] password - create Jee-Mail tre
[2017-04-07 02:35:24.648] [INFO] password - create Jee-Mail tre
[2017-04-07 02:35:27.933] [INFO] password - create Jee-Mail gr
[2017-04-07 02:35:27.961] [INFO] password - create Jee-Mail gr
[2017-04-07 02:35:38.469] [INFO] password - successful Jee-Mail gr
[2017-04-07 02:35:48.704] [INFO] password - successful Jee-Mail gr
[2017-04-07 02:35:49.927] [INFO] password - create Fakebook gr
[2017-04-07 02:36:29.186] [INFO] password - create Jee-Mail ytr
[2017-04-07 02:36:29.210] [INFO] password - create Jee-Mail ytr
[2017-04-07 02:36:33.253] [INFO] password - create Jee-Mail iu
[2017-04-07 02:36:33.277] [INFO] password - create Jee-Mail iu
[2017-04-07 02:36:37.000] [INFO] password - create Jee-Mail tr
[2017-04-07 02:36:37.026] [INFO] password - create Jee-Mail tr
