[2017-04-03 05:24:43.917] [INFO] login - unsuccessful login savanna
[2017-04-03 05:35:04.840] [INFO] login - unsuccessful login savanna
[2017-04-03 05:38:34.846] [INFO] login - unsuccessful login test
[2017-04-03 05:44:29.978] [INFO] login - unsuccessful login jim
[2017-04-03 05:48:53.009] [INFO] login - successful login savanna
[2017-04-03 05:51:13.369] [INFO] login - successful login sav
[2017-04-03 05:54:42.706] [INFO] login - successful login tim
[2017-04-03 05:55:00.028] [INFO] login - successful login tim
[2017-04-03 05:55:36.210] [INFO] login - unsuccessful login tim
[2017-04-03 05:56:23.951] [INFO] login - unsuccessful login tim
[2017-04-03 05:56:50.851] [INFO] login - successful login aetim
[2017-04-03 05:57:09.575] [INFO] login - successful login aetim
[2017-04-03 05:57:35.520] [INFO] login - successful login aetim
[2017-04-03 06:13:24.735] [INFO] login - unsuccessful login bob
[2017-04-03 06:13:48.957] [INFO] login - unsuccessful login bob
[2017-04-03 06:19:01.641] [INFO] login - successful login sa
[2017-04-03 06:19:20.118] [INFO] login - successful login sa
[2017-04-03 06:20:18.825] [INFO] login - successful login s
[2017-04-03 06:20:32.548] [INFO] login - successful login s
[2017-04-03 06:49:48.938] [INFO] login - successful login hg
[2017-04-03 06:49:58.808] [INFO] login - successful login hg
[2017-04-03 11:41:35.007] [INFO] login - successful login ch
[2017-04-03 11:41:57.536] [INFO] login - successful login ch
[2017-04-03 11:45:41.701] [INFO] login - successful login 11
[2017-04-03 11:46:52.892] [INFO] login - successful login c1
[2017-04-03 11:47:19.208] [INFO] login - unsuccessful login c1
[2017-04-03 11:52:01.910] [INFO] login - successful login x1
[2017-04-03 11:52:10.649] [INFO] login - successful login x1
[2017-04-03 11:53:00.230] [INFO] login - successful login x3
[2017-04-03 11:53:07.646] [INFO] login - successful login x3
[2017-04-03 11:56:17.827] [INFO] login - unsuccessful login x3
[2017-04-03 11:58:14.949] [INFO] login - successful login fla
[2017-04-03 11:58:25.435] [INFO] login - successful login fla
[2017-04-03 11:59:36.171] [INFO] login - successful login fla1
[2017-04-03 11:59:51.130] [INFO] login - successful login fla1
[2017-04-03 12:04:21.258] [INFO] login - successful login nhgmhgmg
[2017-04-03 12:04:33.806] [INFO] login - successful login nhgmhgmg
[2017-04-03 12:09:09.439] [INFO] login - successful login a1
[2017-04-03 12:09:19.736] [INFO] login - successful login a1
[2017-04-03 12:09:39.936] [INFO] login - successful login a2
[2017-04-03 12:09:51.438] [INFO] login - successful login a2
[2017-04-03 12:13:47.368] [INFO] login - successful login a3
[2017-04-03 12:14:05.971] [INFO] login - successful login a3
[2017-04-03 12:14:50.459] [INFO] login - successful login a4
[2017-04-03 12:15:03.850] [INFO] login - successful login a4
[2017-04-03 12:19:34.567] [INFO] login - unsuccessful login a5
[2017-04-03 12:20:04.975] [INFO] login - successful login a6
[2017-04-03 12:21:35.314] [INFO] login - unsuccessful login a6
[2017-04-03 12:26:51.174] [INFO] login - unsuccessful login a5
[2017-04-03 12:27:33.035] [INFO] login - unsuccessful login a5
[2017-04-03 12:28:02.656] [INFO] login - unsuccessful login a8
[2017-04-03 12:28:27.562] [INFO] login - unsuccessful login a8
[2017-04-03 12:30:10.608] [INFO] login - successful login dsddsdsd
[2017-04-03 12:30:59.059] [INFO] login - successful login 3
[2017-04-03 12:31:10.129] [INFO] login - unsuccessful login 3
[2017-04-03 12:32:44.067] [INFO] login - successful login 55
[2017-04-03 12:32:55.732] [INFO] login - successful login 55
[2017-04-03 12:37:22.335] [INFO] login - successful login a9
[2017-04-03 12:37:39.682] [INFO] login - successful login a9
[2017-04-03 12:38:28.099] [INFO] login - successful login ass
[2017-04-03 12:38:41.931] [INFO] login - successful login ass
[2017-04-03 12:41:41.414] [INFO] login - successful login a77
[2017-04-03 12:41:57.003] [INFO] login - successful login a77
[2017-04-03 12:50:41.030] [INFO] login - successful login a33
[2017-04-03 12:51:11.919] [INFO] login - successful login a33
[2017-04-03 12:53:26.238] [INFO] login - successful login a67
[2017-04-03 12:53:34.476] [INFO] login - successful login a67
[2017-04-03 13:00:25.067] [INFO] login - successful login sf
[2017-04-03 13:01:33.981] [INFO] login - successful login asdg
[2017-04-03 13:02:01.089] [INFO] login - successful login asdg
[2017-04-04 16:10:19.746] [INFO] login - successful login oioiu
[2017-04-04 16:10:29.935] [INFO] login - successful login oioiu
